<?xml version="1.0" encoding="UTF-8"?>
<!-- Generated by org.testng.reporters.JUnitXMLReporter -->
<testsuite ignored="0" hostname="LAPTOP-ULHD2438" failures="0" tests="3" name="Default test" time="22.489" errors="0" timestamp="2025-06-15T00:50:07 IST">
  <testcase classname="com.cdac.LoginPageTest.LoginTesting" name="testPostiveLoginAndLogout" time="4.296"/>
  <testcase classname="com.cdac.LoginPageTest.LoginTesting" name="testNegativeLoginAndLogout" time="5.47"/>
  <testcase classname="com.cdac.LoginPageTest.LoginTesting" name="testNegativeBlankForm" time="6.106"/>
</testsuite> <!-- Default test -->
