<?xml version="1.0" encoding="UTF-8"?>
<testng-results ignored="0" total="3" passed="3" failed="0" skipped="0">
  <reporter-output>
  </reporter-output>
  <suite started-at="2025-06-15T00:49:44 IST" name="Default suite" finished-at="2025-06-15T00:50:07 IST" duration-ms="22489">
    <groups>
    </groups>
    <test started-at="2025-06-15T00:49:44 IST" name="Default test" finished-at="2025-06-15T00:50:07 IST" duration-ms="22489">
      <class name="com.cdac.LoginPageTest.LoginTesting">
        <test-method is-config="true" signature="beforeMethod()[pri:0, instance:com.cdac.LoginPageTest.LoginTesting@5b7a5baa]" started-at="2025-06-15T00:49:44 IST" name="beforeMethod" finished-at="2025-06-15T00:49:47 IST" duration-ms="2637" status="PASS">
          <reporter-output>
          </reporter-output>
        </test-method> <!-- beforeMethod -->
        <test-method signature="testPostiveLoginAndLogout()[pri:1, instance:com.cdac.LoginPageTest.LoginTesting@5b7a5baa]" started-at="2025-06-15T00:49:47 IST" name="testPostiveLoginAndLogout" finished-at="2025-06-15T00:49:51 IST" duration-ms="4296" status="PASS">
          <reporter-output>
          </reporter-output>
        </test-method> <!-- testPostiveLoginAndLogout -->
        <test-method is-config="true" signature="CloseBrowser()[pri:0, instance:com.cdac.LoginPageTest.LoginTesting@5b7a5baa]" started-at="2025-06-15T00:49:51 IST" name="CloseBrowser" finished-at="2025-06-15T00:49:51 IST" duration-ms="357" status="PASS">
          <reporter-output>
          </reporter-output>
        </test-method> <!-- CloseBrowser -->
        <test-method is-config="true" signature="beforeMethod()[pri:0, instance:com.cdac.LoginPageTest.LoginTesting@5b7a5baa]" started-at="2025-06-15T00:49:51 IST" name="beforeMethod" finished-at="2025-06-15T00:49:53 IST" duration-ms="1492" status="PASS">
          <reporter-output>
          </reporter-output>
        </test-method> <!-- beforeMethod -->
        <test-method signature="testNegativeLoginAndLogout()[pri:2, instance:com.cdac.LoginPageTest.LoginTesting@5b7a5baa]" started-at="2025-06-15T00:49:53 IST" name="testNegativeLoginAndLogout" finished-at="2025-06-15T00:49:58 IST" duration-ms="5470" status="PASS">
          <reporter-output>
          </reporter-output>
        </test-method> <!-- testNegativeLoginAndLogout -->
        <test-method is-config="true" signature="CloseBrowser()[pri:0, instance:com.cdac.LoginPageTest.LoginTesting@5b7a5baa]" started-at="2025-06-15T00:49:58 IST" name="CloseBrowser" finished-at="2025-06-15T00:49:59 IST" duration-ms="412" status="PASS">
          <reporter-output>
          </reporter-output>
        </test-method> <!-- CloseBrowser -->
        <test-method is-config="true" signature="beforeMethod()[pri:0, instance:com.cdac.LoginPageTest.LoginTesting@5b7a5baa]" started-at="2025-06-15T00:49:59 IST" name="beforeMethod" finished-at="2025-06-15T00:50:00 IST" duration-ms="1338" status="PASS">
          <reporter-output>
          </reporter-output>
        </test-method> <!-- beforeMethod -->
        <test-method signature="testNegativeBlankForm()[pri:3, instance:com.cdac.LoginPageTest.LoginTesting@5b7a5baa]" started-at="2025-06-15T00:50:00 IST" name="testNegativeBlankForm" finished-at="2025-06-15T00:50:06 IST" duration-ms="6106" status="PASS">
          <reporter-output>
          </reporter-output>
        </test-method> <!-- testNegativeBlankForm -->
        <test-method is-config="true" signature="CloseBrowser()[pri:0, instance:com.cdac.LoginPageTest.LoginTesting@5b7a5baa]" started-at="2025-06-15T00:50:06 IST" name="CloseBrowser" finished-at="2025-06-15T00:50:07 IST" duration-ms="318" status="PASS">
          <reporter-output>
          </reporter-output>
        </test-method> <!-- CloseBrowser -->
      </class> <!-- com.cdac.LoginPageTest.LoginTesting -->
    </test> <!-- Default test -->
  </suite> <!-- Default suite -->
</testng-results>
