<?xml version="1.0" encoding="UTF-8"?>
<!-- Generated by org.testng.reporters.JUnitReportReporter -->
<testsuite hostname="LAPTOP-ULHD2438" failures="0" tests="3" name="com.cdac.LoginPageTest.LoginTesting" time="22.426" errors="0" timestamp="2025-06-15T00:50:07 IST" skipped="0">
  <testcase classname="com.cdac.LoginPageTest.LoginTesting" name="testPostiveLoginAndLogout" time="7.345"/>
  <testcase classname="com.cdac.LoginPageTest.LoginTesting" name="testNegativeLoginAndLogout" time="7.319"/>
  <testcase classname="com.cdac.LoginPageTest.LoginTesting" name="testNegativeBlankForm" time="7.762"/>
</testsuite> <!-- com.cdac.LoginPageTest.LoginTesting -->
